c:\users\muham\onedrive\tesis\program\dll\nmclib04v64\nmclib04v64\debug\nmclib04v64.pch
c:\users\muham\onedrive\tesis\program\dll\nmclib04v64\nmclib04v64\debug\vc142.pdb
c:\users\muham\onedrive\tesis\program\dll\nmclib04v64\nmclib04v64\debug\vc142.idb
c:\users\muham\onedrive\tesis\program\dll\nmclib04v64\nmclib04v64\debug\pch.obj
c:\users\muham\onedrive\tesis\program\dll\nmclib04v64\nmclib04v64\debug\dllmain.obj
c:\users\muham\onedrive\tesis\program\dll\nmclib04v64\nmclib04v64\debug\sio_util.obj
c:\users\muham\onedrive\tesis\program\dll\nmclib04v64\nmclib04v64\debug\picio.obj
c:\users\muham\onedrive\tesis\program\dll\nmclib04v64\nmclib04v64\debug\picstep.obj
c:\users\muham\onedrive\tesis\program\dll\nmclib04v64\nmclib04v64\debug\picservo.obj
c:\users\muham\onedrive\tesis\program\dll\nmclib04v64\nmclib04v64\debug\nmccom.obj
c:\users\muham\onedrive\tesis\program\dll\nmclib04v64\debug\nmclib04v64.pdb
c:\users\muham\onedrive\tesis\program\dll\nmclib04v64\nmclib04v64\debug\nmclib04v64.tlog\cl.command.1.tlog
c:\users\muham\onedrive\tesis\program\dll\nmclib04v64\nmclib04v64\debug\nmclib04v64.tlog\cl.read.1.tlog
c:\users\muham\onedrive\tesis\program\dll\nmclib04v64\nmclib04v64\debug\nmclib04v64.tlog\cl.write.1.tlog
c:\users\muham\onedrive\tesis\program\dll\nmclib04v64\nmclib04v64\debug\nmclib04v64.tlog\link-cvtres.read.1.tlog
c:\users\muham\onedrive\tesis\program\dll\nmclib04v64\nmclib04v64\debug\nmclib04v64.tlog\link-cvtres.write.1.tlog
c:\users\muham\onedrive\tesis\program\dll\nmclib04v64\nmclib04v64\debug\nmclib04v64.tlog\link-rc.read.1.tlog
c:\users\muham\onedrive\tesis\program\dll\nmclib04v64\nmclib04v64\debug\nmclib04v64.tlog\link-rc.write.1.tlog
c:\users\muham\onedrive\tesis\program\dll\nmclib04v64\nmclib04v64\debug\nmclib04v64.tlog\link.command.1.tlog
c:\users\muham\onedrive\tesis\program\dll\nmclib04v64\nmclib04v64\debug\nmclib04v64.tlog\link.read.1.tlog
c:\users\muham\onedrive\tesis\program\dll\nmclib04v64\nmclib04v64\debug\nmclib04v64.tlog\link.write.1.tlog
